#
# There is insufficient memory for the Java Runtime Environment to continue.
# Native memory allocation (mmap) failed to map 264241152 bytes for G1 virtual space
# Possible reasons:
#   The system is out of physical RAM or swap space
#   The process is running with CompressedOops enabled, and the Java Heap may be blocking the growth of the native heap
# Possible solutions:
#   Reduce memory load on the system
#   Increase physical memory or swap space
#   Check if swap backing store is full
#   Decrease Java heap size (-Xmx/-Xms)
#   Decrease number of Java threads
#   Decrease Java thread stack sizes (-Xss)
#   Set larger code cache with -XX:ReservedCodeCacheSize=
#   JVM is running with Zero Based Compressed Oops mode in which the Java heap is
#     placed in the first 32GB address space. The Java Heap base address is the
#     maximum limit for the native heap growth. Please use -XX:HeapBaseMinAddress
#     to set the Java Heap base and to place the Java Heap above 32GB virtual address.
# This output file may be truncated or incomplete.
#
#  Out of Memory Error (os_windows.cpp:3600), pid=24696, tid=24996
#
# JRE version:  (21.0.1+12) (build )
# Java VM: OpenJDK 64-Bit Server VM (21.0.1+12-LTS, mixed mode, sharing, tiered, compressed oops, compressed class ptrs, g1 gc, windows-amd64)
# No core dump will be written. Minidumps are not enabled by default on client versions of Windows
#

---------------  S U M M A R Y ------------

Command Line: -Dfile.encoding=UTF-8 -XX:+ShowCodeDetailsInExceptionMessages OnlineShopApp

Host: 12th Gen Intel(R) Core(TM) i5-12500H, 16 cores, 15G,  Windows 11 , 64 bit Build 26100 (10.0.26100.2161)
Time: Fri Dec  6 11:18:41 2024 SE Asia Standard Time elapsed time: 1.284287 seconds (0d 0h 0m 1s)

---------------  T H R E A D  ---------------

Current thread (0x000001ea840bebf0):  JavaThread "Unknown thread" [_thread_in_vm, id=24996, stack(0x00000065ab100000,0x00000065ab200000) (1024K)]

Stack: [0x00000065ab100000,0x00000065ab200000]
Native frames: (J=compiled Java code, j=interpreted, Vv=VM code, C=native code)
V  [jvm.dll+0x6c7789]
V  [jvm.dll+0x8a2011]
V  [jvm.dll+0x8a44ae]
V  [jvm.dll+0x8a4b83]
V  [jvm.dll+0x27f936]
V  [jvm.dll+0x6c3f05]
V  [jvm.dll+0x6b8bfa]
V  [jvm.dll+0x35363a]
V  [jvm.dll+0x35b1e6]
V  [jvm.dll+0x3ac2be]
V  [jvm.dll+0x3ac568]
V  [jvm.dll+0x32787c]
V  [jvm.dll+0x3283db]
V  [jvm.dll+0x86b0f9]
V  [jvm.dll+0x3b9271]
V  [jvm.dll+0x8532c8]
V  [jvm.dll+0x44cffe]
V  [jvm.dll+0x44ea81]
C  [jli.dll+0x5278]
C  [ucrtbase.dll+0x14ea0]
C  [KERNEL32.DLL+0x2dbe7]
C  [ntdll.dll+0xdfbec]


---------------  P R O C E S S  ---------------

Threads class SMR info:
_java_thread_list=0x00007ff84c2be088, length=0, elements={
}

Java Threads: ( => current thread )
Total: 0

Other Threads:
  0x000001ea863cc8f0 WorkerThread "GC Thread#0"                     [id=20392, stack(0x00000065ab200000,0x00000065ab300000) (1024K)]
  0x000001ea863df110 ConcurrentGCThread "G1 Main Marker"            [id=21000, stack(0x00000065ab300000,0x00000065ab400000) (1024K)]
  0x000001ea863dfc10 WorkerThread "G1 Conc#0"                       [id=25332, stack(0x00000065ab400000,0x00000065ab500000) (1024K)]

[error occurred during error reporting (printing all threads), id 0xc0000005, EXCEPTION_ACCESS_VIOLATION (0xc0000005) at pc=0x00007ff84b9ca1a7]
VM state: not at safepoint (not fully initialized)

VM Mutex/Monitor currently owned by a thread:  ([mutex/lock_event])
[0x00007ff84c331b28] Heap_lock - owner thread: 0x000001ea840bebf0

Heap address: 0x0000000705e00000, size: 4002 MB, Compressed Oops mode: Zero based, Oop shift amount: 3

CDS archive(s) mapped at: [0x0000000000000000-0x0000000000000000-0x0000000000000000), size 0, SharedBaseAddress: 0x0000000800000000, ArchiveRelocationMode: 1.
Narrow klass base: 0x0000000000000000, Narrow klass shift: 0, Narrow klass range: 0x0

GC Precious Log:
 CardTable entry size: 512
 Card Set container configuration: InlinePtr #cards 4 size 8 Array Of Cards #cards 16 size 48 Howl #buckets 8 coarsen threshold 3686 Howl Bitmap #cards 512 size 80 coarsen threshold 460 Card regions per heap region 1 cards per card region 4096

Heap:
 garbage-first heap   total 0K, used 0K [0x0000000705e00000, 0x0000000800000000)
  region size 2048K, 0 young (0K), 0 survivors (0K)

[error occurred during error reporting (printing heap information), id 0xc0000005, EXCEPTION_ACCESS_VIOLATION (0xc0000005) at pc=0x00007ff84bdb05d9]
GC Heap History (0 events):
No events

Dll operation events (1 events):
Event: 0.004 Loaded shared library C:\Users\84923\.p2\pool\plugins\org.eclipse.justj.openjdk.hotspot.jre.full.win32.x86_64_21.0.1.v20231028-0937\jre\bin\java.dll

Deoptimization events (0 events):
No events

Classes loaded (0 events):
No events

Classes unloaded (0 events):
No events

Classes redefined (0 events):
No events

Internal exceptions (0 events):
No events

ZGC Phase Switch (0 events):
No events

VM Operations (0 events):
No events

Events (0 events):
No events


Dynamic libraries:
0x00007ff72c090000 - 0x00007ff72c09e000 	C:\Users\84923\.p2\pool\plugins\org.eclipse.justj.openjdk.hotspot.jre.full.win32.x86_64_21.0.1.v20231028-0937\jre\bin\javaw.exe
0x00007ff8d1160000 - 0x00007ff8d13c3000 	C:\WINDOWS\SYSTEM32\ntdll.dll
0x00007ff8d0bd0000 - 0x00007ff8d0c98000 	C:\WINDOWS\System32\KERNEL32.DLL
0x00007ff8ce700000 - 0x00007ff8ceab1000 	C:\WINDOWS\System32\KERNELBASE.dll
0x00007ff8cebf0000 - 0x00007ff8ced3b000 	C:\WINDOWS\System32\ucrtbase.dll
0x00007ff8c7a30000 - 0x00007ff8c7a4b000 	C:\Users\84923\.p2\pool\plugins\org.eclipse.justj.openjdk.hotspot.jre.full.win32.x86_64_21.0.1.v20231028-0937\jre\bin\VCRUNTIME140.dll
0x00007ff8c5af0000 - 0x00007ff8c5b08000 	C:\Users\84923\.p2\pool\plugins\org.eclipse.justj.openjdk.hotspot.jre.full.win32.x86_64_21.0.1.v20231028-0937\jre\bin\jli.dll
0x00007ff8d0e50000 - 0x00007ff8d1018000 	C:\WINDOWS\System32\USER32.dll
0x00007ff8ce6d0000 - 0x00007ff8ce6f7000 	C:\WINDOWS\System32\win32u.dll
0x00007ff8b5000000 - 0x00007ff8b5290000 	C:\WINDOWS\WinSxS\amd64_microsoft.windows.common-controls_6595b64144ccf1df_6.0.26100.2161_none_3e0cadb0e33078e1\COMCTL32.dll
0x00007ff8d02f0000 - 0x00007ff8d031a000 	C:\WINDOWS\System32\GDI32.dll
0x00007ff8ceac0000 - 0x00007ff8cebe5000 	C:\WINDOWS\System32\gdi32full.dll
0x00007ff8d0ca0000 - 0x00007ff8d0d49000 	C:\WINDOWS\System32\msvcrt.dll
0x00007ff8cee60000 - 0x00007ff8cef03000 	C:\WINDOWS\System32\msvcp_win.dll
0x00007ff8d0a90000 - 0x00007ff8d0abf000 	C:\WINDOWS\System32\IMM32.DLL
0x00007ff8c9a00000 - 0x00007ff8c9a0c000 	C:\Users\84923\.p2\pool\plugins\org.eclipse.justj.openjdk.hotspot.jre.full.win32.x86_64_21.0.1.v20231028-0937\jre\bin\vcruntime140_1.dll
0x00007ff8b6a60000 - 0x00007ff8b6aee000 	C:\Users\84923\.p2\pool\plugins\org.eclipse.justj.openjdk.hotspot.jre.full.win32.x86_64_21.0.1.v20231028-0937\jre\bin\msvcp140.dll
0x00007ff84b690000 - 0x00007ff84c411000 	C:\Users\84923\.p2\pool\plugins\org.eclipse.justj.openjdk.hotspot.jre.full.win32.x86_64_21.0.1.v20231028-0937\jre\bin\server\jvm.dll
0x00007ff8d0d80000 - 0x00007ff8d0e34000 	C:\WINDOWS\System32\ADVAPI32.dll
0x00007ff8ceff0000 - 0x00007ff8cf096000 	C:\WINDOWS\System32\sechost.dll
0x00007ff8d0910000 - 0x00007ff8d0a26000 	C:\WINDOWS\System32\RPCRT4.dll
0x00007ff8cf0a0000 - 0x00007ff8cf114000 	C:\WINDOWS\System32\WS2_32.dll
0x00007ff8cd230000 - 0x00007ff8cd27e000 	C:\WINDOWS\SYSTEM32\POWRPROF.dll
0x00007ff8c4cc0000 - 0x00007ff8c4cf6000 	C:\WINDOWS\SYSTEM32\WINMM.dll
0x00007ff8c5510000 - 0x00007ff8c551b000 	C:\WINDOWS\SYSTEM32\VERSION.dll
0x00007ff8cd210000 - 0x00007ff8cd224000 	C:\WINDOWS\SYSTEM32\UMPDC.dll
0x00007ff8cd4b0000 - 0x00007ff8cd4ca000 	C:\WINDOWS\SYSTEM32\kernel.appcore.dll
0x00007ff8c7bf0000 - 0x00007ff8c7bfa000 	C:\Users\84923\.p2\pool\plugins\org.eclipse.justj.openjdk.hotspot.jre.full.win32.x86_64_21.0.1.v20231028-0937\jre\bin\jimage.dll
0x00007ff8cbd10000 - 0x00007ff8cbf51000 	C:\WINDOWS\SYSTEM32\DBGHELP.DLL
0x00007ff8cfe90000 - 0x00007ff8d020d000 	C:\WINDOWS\System32\combase.dll
0x00007ff8cf230000 - 0x00007ff8cf306000 	C:\WINDOWS\System32\OLEAUT32.dll
0x00007ff87e5c0000 - 0x00007ff87e5f9000 	C:\WINDOWS\SYSTEM32\dbgcore.DLL
0x00007ff8ced40000 - 0x00007ff8cedd9000 	C:\WINDOWS\System32\bcryptPrimitives.dll
0x00007ff8c7bd0000 - 0x00007ff8c7bef000 	C:\Users\84923\.p2\pool\plugins\org.eclipse.justj.openjdk.hotspot.jre.full.win32.x86_64_21.0.1.v20231028-0937\jre\bin\java.dll

dbghelp: loaded successfully - version: 4.0.5 - missing functions: none
symbol engine: initialized successfully - sym options: 0x614 - pdb path: .;C:\Users\84923\.p2\pool\plugins\org.eclipse.justj.openjdk.hotspot.jre.full.win32.x86_64_21.0.1.v20231028-0937\jre\bin;C:\WINDOWS\SYSTEM32;C:\WINDOWS\WinSxS\amd64_microsoft.windows.common-controls_6595b64144ccf1df_6.0.26100.2161_none_3e0cadb0e33078e1;C:\Users\84923\.p2\pool\plugins\org.eclipse.justj.openjdk.hotspot.jre.full.win32.x86_64_21.0.1.v20231028-0937\jre\bin\server

VM Arguments:
jvm_args: -Dfile.encoding=UTF-8 -XX:+ShowCodeDetailsInExceptionMessages 
java_command: OnlineShopApp
java_class_path (initial): D:\DOANCAUTRUCDULIEU\DoAn\bin
Launcher Type: SUN_STANDARD

[Global flags]
     intx CICompilerCount                          = 12                                        {product} {ergonomic}
     uint ConcGCThreads                            = 3                                         {product} {ergonomic}
     uint G1ConcRefinementThreads                  = 13                                        {product} {ergonomic}
   size_t G1HeapRegionSize                         = 2097152                                   {product} {ergonomic}
    uintx GCDrainStackTargetSize                   = 64                                        {product} {ergonomic}
   size_t InitialHeapSize                          = 264241152                                 {product} {ergonomic}
   size_t MarkStackSize                            = 4194304                                   {product} {ergonomic}
   size_t MaxHeapSize                              = 4196401152                                {product} {ergonomic}
   size_t MinHeapDeltaBytes                        = 2097152                                   {product} {ergonomic}
   size_t MinHeapSize                              = 8388608                                   {product} {ergonomic}
    uintx NonNMethodCodeHeapSize                   = 7602480                                {pd product} {ergonomic}
    uintx NonProfiledCodeHeapSize                  = 122027880                              {pd product} {ergonomic}
    uintx ProfiledCodeHeapSize                     = 122027880                              {pd product} {ergonomic}
    uintx ReservedCodeCacheSize                    = 251658240                              {pd product} {ergonomic}
     bool SegmentedCodeCache                       = true                                      {product} {ergonomic}
     bool ShowCodeDetailsInExceptionMessages       = true                                   {manageable} {command line}
   size_t SoftMaxHeapSize                          = 4196401152                             {manageable} {ergonomic}
     bool UseCompressedOops                        = true                           {product lp64_product} {ergonomic}
     bool UseG1GC                                  = true                                      {product} {ergonomic}
     bool UseLargePagesIndividualAllocation        = false                                  {pd product} {ergonomic}

Logging:
Log output configuration:
 #0: stdout all=warning uptime,level,tags foldmultilines=false
 #1: stderr all=off uptime,level,tags foldmultilines=false

Environment Variables:
PATH=C:/Users/84923/.p2/pool/plugins/org.eclipse.justj.openjdk.hotspot.jre.full.win32.x86_64_21.0.1.v20231028-0937/jre/bin/server;C:/Users/84923/.p2/pool/plugins/org.eclipse.justj.openjdk.hotspot.jre.full.win32.x86_64_21.0.1.v20231028-0937/jre/bin;C:\Program Files\Eclipse Adoptium\jdk-21.0.5.11-hotspot\bin;C:\Program Files\Common Files\Oracle\Java\javapath;C:\Windows\system32;C:\Windows;C:\Windows\System32\Wbem;C:\Windows\System32\WindowsPowerShell\v1.0\;C:\Windows\System32\OpenSSH\;C:\Program Files (x86)\NVIDIA Corporation\PhysX\Common;C:\Program Files\NVIDIA Corporation\NVIDIA NvDLISR;C:\Program Files (x86)\Microsoft SQL Server\160\Tools\Binn\;C:\Program Files\Microsoft SQL Server\160\Tools\Binn\;C:\Program Files\Microsoft SQL Server\Client SDK\ODBC\170\Tools\Binn\;C:\Program Files\Microsoft SQL Server\160\DTS\Binn\;C:\Program Files\Git\cmd;C:\WINDOWS\system32;C:\WINDOWS;C:\WINDOWS\System32\Wbem;C:\WINDOWS\System32\WindowsPowerShell\v1.0\;C:\WINDOWS\System32\OpenSSH\;C:\Users\84923\AppData\Local\Microsoft\WindowsApps;D:\VsCode\Microsoft VS Code\bin;D:\mingw64\bin;C:\mingw64\bin;;C:\Program Files\JetBrains\IntelliJ IDEA 2024.3\bin;;C:\Users\84923\OneDrive\Máy tính;
USERNAME=FPT
OS=Windows_NT
PROCESSOR_IDENTIFIER=Intel64 Family 6 Model 154 Stepping 3, GenuineIntel
TMP=C:\Users\84923\AppData\Local\Temp
TEMP=C:\Users\84923\AppData\Local\Temp




Periodic native trim disabled

---------------  S Y S T E M  ---------------

OS:
 Windows 11 , 64 bit Build 26100 (10.0.26100.2161)
OS uptime: 0 days 2:34 hours

CPU: total 16 (initial active 16) (8 cores per cpu, 2 threads per core) family 6 model 154 stepping 3 microcode 0x423, cx8, cmov, fxsr, ht, mmx, 3dnowpref, sse, sse2, sse3, ssse3, sse4.1, sse4.2, popcnt, lzcnt, tsc, tscinvbit, avx, avx2, aes, erms, clmul, bmi1, bmi2, adx, sha, fma, vzeroupper, clflush, clflushopt, clwb, serialize, rdtscp, rdpid, fsrm, f16c, pku, cet_ibt, cet_ss
Processor Information for all 16 processors :
  Max Mhz: 2500, Current Mhz: 2500, Mhz Limit: 2500

Memory: 4k page, system-wide physical 16005M (5547M free)
TotalPageFile size 28293M (AvailPageFile size 35M)
current process WorkingSet (physical memory assigned to process): 12M, peak: 12M
current process commit charge ("private bytes"): 70M, peak: 322M

vm_info: OpenJDK 64-Bit Server VM (21.0.1+12-LTS) for windows-amd64 JRE (21.0.1+12-LTS), built on 2023-10-17T00:00:00Z by "admin" with unknown MS VC++:1937

END.
